<?xml version="1.0" encoding="UTF-8" ?>
<testsuite tests="1" failures="0" name="com.niit.blogtest.BlogDAOTest" time="5.023" errors="1" skipped="0">
  <properties>
    <property name="java.runtime.name" value="Java(TM) SE Runtime Environment"/>
    <property name="sun.boot.library.path" value="C:\Program Files\Java\jdk1.8.0_144\jre\bin"/>
    <property name="java.vm.version" value="25.144-b01"/>
    <property name="java.vm.vendor" value="Oracle Corporation"/>
    <property name="maven.multiModuleProjectDirectory" value="C:\Users\welcome\workspace4\SocialColl"/>
    <property name="java.vendor.url" value="http://java.oracle.com/"/>
    <property name="path.separator" value=";"/>
    <property name="guice.disable.misplaced.annotation.check" value="true"/>
    <property name="java.vm.name" value="Java HotSpot(TM) 64-Bit Server VM"/>
    <property name="file.encoding.pkg" value="sun.io"/>
    <property name="user.script" value=""/>
    <property name="user.country" value="IN"/>
    <property name="sun.java.launcher" value="SUN_STANDARD"/>
    <property name="sun.os.patch.level" value=""/>
    <property name="java.vm.specification.name" value="Java Virtual Machine Specification"/>
    <property name="user.dir" value="C:\Users\welcome\workspace4\SocialColl"/>
    <property name="java.runtime.version" value="1.8.0_144-b01"/>
    <property name="java.awt.graphicsenv" value="sun.awt.Win32GraphicsEnvironment"/>
    <property name="java.endorsed.dirs" value="C:\Program Files\Java\jdk1.8.0_144\jre\lib\endorsed"/>
    <property name="os.arch" value="amd64"/>
    <property name="java.io.tmpdir" value="C:\Users\welcome\AppData\Local\Temp\"/>
    <property name="line.separator" value="
"/>
    <property name="java.vm.specification.vendor" value="Oracle Corporation"/>
    <property name="user.variant" value=""/>
    <property name="os.name" value="Windows 8.1"/>
    <property name="classworlds.conf" value="C:\Users\welcome\workspace4\.metadata\.plugins\org.eclipse.m2e.launching\launches\m2conf8303840498239530949.tmp"/>
    <property name="sun.jnu.encoding" value="Cp1252"/>
    <property name="java.library.path" value="C:\Program Files\Java\jdk1.8.0_144\bin;C:\Windows\Sun\Java\bin;C:\Windows\system32;C:\Windows;C:/Program Files/Java/jre1.8.0_144/bin/server;C:/Program Files/Java/jre1.8.0_144/bin;C:/Program Files/Java/jre1.8.0_144/lib/amd64;C:\oraclexe\app\oracle\product\11.2.0\server\bin;;C:\ProgramData\Oracle\Java\javapath;C:\Program Files\Broadcom\Broadcom 802.11;C:\Program Files (x86)\NVIDIA Corporation\PhysX\Common;C:\Program Files (x86)\Intel\iCLS Client\;C:\Program Files\Intel\iCLS Client\;C:\Windows\system32;C:\Windows;C:\Windows\System32\Wbem;C:\Windows\System32\WindowsPowerShell\v1.0\;C:\Program Files\Intel\Intel(R) Management Engine Components\DAL;C:\Program Files\Intel\Intel(R) Management Engine Components\IPT;C:\Program Files (x86)\Intel\Intel(R) Management Engine Components\DAL;C:\Program Files (x86)\Intel\Intel(R) Management Engine Components\IPT;C:\Program Files\Hewlett-Packard\SimplePass\;C:\Program Files (x86)\Java\jdk1.8.0_141\bin;C:\Program Files (x86)\MySQL\MySQL Server 5.5\bin;C:\Program Files (x86)\MySQL\MySQL Server 5.0\bin;C:\Program Files (x86)\Microsoft SQL Server\100\Tools\Binn\;C:\Program Files (x86)\Microsoft SQL Server\100\DTS\Binn\;C:\Program Files (x86)\Microsoft SQL Server\100\Tools\Binn\VSShell\Common7\IDE\;C:\Program Files (x86)\Microsoft Visual Studio 9.0\Common7\IDE\PrivateAssemblies\;c:\Program Files\Microsoft SQL Server\100\Tools\Binn\;c:\Program Files\Microsoft SQL Server\100\DTS\Binn\;C:\Program Files\Git\cmd;C:\Program Files\Java\jdk1.8.0_144\bin;C:\maven\apache-maven-3.5.0\bin;C:\Program Files\Java\jdk1.8.0_144;C:\Users\welcome\Desktop\eclipse;;."/>
    <property name="java.specification.name" value="Java Platform API Specification"/>
    <property name="java.class.version" value="52.0"/>
    <property name="sun.management.compiler" value="HotSpot 64-Bit Tiered Compilers"/>
    <property name="os.version" value="6.3"/>
    <property name="user.home" value="C:\Users\welcome"/>
    <property name="user.timezone" value="Asia/Calcutta"/>
    <property name="java.awt.printerjob" value="sun.awt.windows.WPrinterJob"/>
    <property name="java.specification.version" value="1.8"/>
    <property name="file.encoding" value="Cp1252"/>
    <property name="user.name" value="welcome"/>
    <property name="java.class.path" value="/C:/Users/welcome/Desktop/eclipse/plugins/org.eclipse.m2e.maven.runtime_1.7.0.20160603-1931/jars/plexus-classworlds-2.5.2.jar"/>
    <property name="java.vm.specification.version" value="1.8"/>
    <property name="sun.arch.data.model" value="64"/>
    <property name="java.home" value="C:\Program Files\Java\jdk1.8.0_144\jre"/>
    <property name="sun.java.command" value="org.codehaus.plexus.classworlds.launcher.Launcher -B clean install"/>
    <property name="java.specification.vendor" value="Oracle Corporation"/>
    <property name="user.language" value="en"/>
    <property name="awt.toolkit" value="sun.awt.windows.WToolkit"/>
    <property name="java.vm.info" value="mixed mode"/>
    <property name="java.version" value="1.8.0_144"/>
    <property name="java.ext.dirs" value="C:\Program Files\Java\jdk1.8.0_144\jre\lib\ext;C:\Windows\Sun\Java\lib\ext"/>
    <property name="sun.boot.class.path" value="C:\Program Files\Java\jdk1.8.0_144\jre\lib\resources.jar;C:\Program Files\Java\jdk1.8.0_144\jre\lib\rt.jar;C:\Program Files\Java\jdk1.8.0_144\jre\lib\sunrsasign.jar;C:\Program Files\Java\jdk1.8.0_144\jre\lib\jsse.jar;C:\Program Files\Java\jdk1.8.0_144\jre\lib\jce.jar;C:\Program Files\Java\jdk1.8.0_144\jre\lib\charsets.jar;C:\Program Files\Java\jdk1.8.0_144\jre\lib\jfr.jar;C:\Program Files\Java\jdk1.8.0_144\jre\classes"/>
    <property name="java.vendor" value="Oracle Corporation"/>
    <property name="maven.home" value="C:\Users\welcome\workspace4\SocialColl\EMBEDDED"/>
    <property name="file.separator" value="\"/>
    <property name="java.vendor.url.bug" value="http://bugreport.sun.com/bugreport/"/>
    <property name="sun.cpu.endian" value="little"/>
    <property name="sun.io.unicode.encoding" value="UnicodeLittle"/>
    <property name="sun.desktop" value="windows"/>
    <property name="sun.cpu.isalist" value="amd64"/>
  </properties>
  <testcase classname="com.niit.blogtest.BlogDAOTest" name="com.niit.blogtest.BlogDAOTest" time="5.023">
    <error message="Error creating bean with name &apos;resourceHandlerMapping&apos; defined in class path resource [org/springframework/web/servlet/config/annotation/DelegatingWebMvcConfiguration.class]: Bean instantiation via factory method failed; nested exception is org.springframework.beans.BeanInstantiationException: Failed to instantiate [org.springframework.web.servlet.HandlerMapping]: Factory method &apos;resourceHandlerMapping&apos; threw exception; nested exception is org.springframework.beans.factory.BeanInitializationException: Failed to init ResourceHttpRequestHandler; nested exception is java.lang.IllegalStateException: WebApplicationObjectSupport instance [ResourceHttpRequestHandler [locations=[class path resource [WEB-INF/resources/]], resolvers=[org.springframework.web.servlet.resource.PathResourceResolver@363c4251]]] does not run in a WebApplicationContext but in: org.springframework.context.annotation.AnnotationConfigApplicationContext@3834d63f: startup date [Tue Feb 06 15:08:58 IST 2018]; root of context hierarchy" type="org.springframework.beans.factory.BeanCreationException">org.springframework.beans.factory.BeanCreationException: Error creating bean with name &apos;resourceHandlerMapping&apos; defined in class path resource [org/springframework/web/servlet/config/annotation/DelegatingWebMvcConfiguration.class]: Bean instantiation via factory method failed; nested exception is org.springframework.beans.BeanInstantiationException: Failed to instantiate [org.springframework.web.servlet.HandlerMapping]: Factory method &apos;resourceHandlerMapping&apos; threw exception; nested exception is org.springframework.beans.factory.BeanInitializationException: Failed to init ResourceHttpRequestHandler; nested exception is java.lang.IllegalStateException: WebApplicationObjectSupport instance [ResourceHttpRequestHandler [locations=[class path resource [WEB-INF/resources/]], resolvers=[org.springframework.web.servlet.resource.PathResourceResolver@363c4251]]] does not run in a WebApplicationContext but in: org.springframework.context.annotation.AnnotationConfigApplicationContext@3834d63f: startup date [Tue Feb 06 15:08:58 IST 2018]; root of context hierarchy
	at org.springframework.beans.factory.support.ConstructorResolver.instantiateUsingFactoryMethod(ConstructorResolver.java:599)
	at org.springframework.beans.factory.support.AbstractAutowireCapableBeanFactory.instantiateUsingFactoryMethod(AbstractAutowireCapableBeanFactory.java:1134)
	at org.springframework.beans.factory.support.AbstractAutowireCapableBeanFactory.createBeanInstance(AbstractAutowireCapableBeanFactory.java:1028)
	at org.springframework.beans.factory.support.AbstractAutowireCapableBeanFactory.doCreateBean(AbstractAutowireCapableBeanFactory.java:513)
	at org.springframework.beans.factory.support.AbstractAutowireCapableBeanFactory.createBean(AbstractAutowireCapableBeanFactory.java:483)
	at org.springframework.beans.factory.support.AbstractBeanFactory$1.getObject(AbstractBeanFactory.java:306)
	at org.springframework.beans.factory.support.DefaultSingletonBeanRegistry.getSingleton(DefaultSingletonBeanRegistry.java:230)
	at org.springframework.beans.factory.support.AbstractBeanFactory.doGetBean(AbstractBeanFactory.java:302)
	at org.springframework.beans.factory.support.AbstractBeanFactory.getBean(AbstractBeanFactory.java:197)
	at org.springframework.beans.factory.support.DefaultListableBeanFactory.preInstantiateSingletons(DefaultListableBeanFactory.java:759)
	at org.springframework.context.support.AbstractApplicationContext.finishBeanFactoryInitialization(AbstractApplicationContext.java:866)
	at org.springframework.context.support.AbstractApplicationContext.refresh(AbstractApplicationContext.java:542)
	at com.niit.blogtest.BlogDAOTest.initialize(BlogDAOTest.java:25)
	at sun.reflect.NativeMethodAccessorImpl.invoke0(Native Method)
	at sun.reflect.NativeMethodAccessorImpl.invoke(NativeMethodAccessorImpl.java:62)
	at sun.reflect.DelegatingMethodAccessorImpl.invoke(DelegatingMethodAccessorImpl.java:43)
	at java.lang.reflect.Method.invoke(Method.java:498)
	at org.junit.runners.model.FrameworkMethod$1.runReflectiveCall(FrameworkMethod.java:50)
	at org.junit.internal.runners.model.ReflectiveCallable.run(ReflectiveCallable.java:12)
	at org.junit.runners.model.FrameworkMethod.invokeExplosively(FrameworkMethod.java:47)
	at org.junit.internal.runners.statements.RunBefores.evaluate(RunBefores.java:24)
	at org.junit.runners.ParentRunner.run(ParentRunner.java:363)
	at org.apache.maven.surefire.junit4.JUnit4Provider.execute(JUnit4Provider.java:252)
	at org.apache.maven.surefire.junit4.JUnit4Provider.executeTestSet(JUnit4Provider.java:141)
	at org.apache.maven.surefire.junit4.JUnit4Provider.invoke(JUnit4Provider.java:112)
	at sun.reflect.NativeMethodAccessorImpl.invoke0(Native Method)
	at sun.reflect.NativeMethodAccessorImpl.invoke(NativeMethodAccessorImpl.java:62)
	at sun.reflect.DelegatingMethodAccessorImpl.invoke(DelegatingMethodAccessorImpl.java:43)
	at java.lang.reflect.Method.invoke(Method.java:498)
	at org.apache.maven.surefire.util.ReflectionUtils.invokeMethodWithArray(ReflectionUtils.java:189)
	at org.apache.maven.surefire.booter.ProviderFactory$ProviderProxy.invoke(ProviderFactory.java:165)
	at org.apache.maven.surefire.booter.ProviderFactory.invokeProvider(ProviderFactory.java:85)
	at org.apache.maven.surefire.booter.ForkedBooter.runSuitesInProcess(ForkedBooter.java:115)
	at org.apache.maven.surefire.booter.ForkedBooter.main(ForkedBooter.java:75)
Caused by: org.springframework.beans.BeanInstantiationException: Failed to instantiate [org.springframework.web.servlet.HandlerMapping]: Factory method &apos;resourceHandlerMapping&apos; threw exception; nested exception is org.springframework.beans.factory.BeanInitializationException: Failed to init ResourceHttpRequestHandler; nested exception is java.lang.IllegalStateException: WebApplicationObjectSupport instance [ResourceHttpRequestHandler [locations=[class path resource [WEB-INF/resources/]], resolvers=[org.springframework.web.servlet.resource.PathResourceResolver@363c4251]]] does not run in a WebApplicationContext but in: org.springframework.context.annotation.AnnotationConfigApplicationContext@3834d63f: startup date [Tue Feb 06 15:08:58 IST 2018]; root of context hierarchy
	at org.springframework.beans.factory.support.SimpleInstantiationStrategy.instantiate(SimpleInstantiationStrategy.java:189)
	at org.springframework.beans.factory.support.ConstructorResolver.instantiateUsingFactoryMethod(ConstructorResolver.java:588)
	... 33 more
Caused by: org.springframework.beans.factory.BeanInitializationException: Failed to init ResourceHttpRequestHandler; nested exception is java.lang.IllegalStateException: WebApplicationObjectSupport instance [ResourceHttpRequestHandler [locations=[class path resource [WEB-INF/resources/]], resolvers=[org.springframework.web.servlet.resource.PathResourceResolver@363c4251]]] does not run in a WebApplicationContext but in: org.springframework.context.annotation.AnnotationConfigApplicationContext@3834d63f: startup date [Tue Feb 06 15:08:58 IST 2018]; root of context hierarchy
	at org.springframework.web.servlet.config.annotation.ResourceHandlerRegistry.getHandlerMapping(ResourceHandlerRegistry.java:150)
	at org.springframework.web.servlet.config.annotation.WebMvcConfigurationSupport.resourceHandlerMapping(WebMvcConfigurationSupport.java:453)
	at org.springframework.web.servlet.config.annotation.DelegatingWebMvcConfiguration$$EnhancerBySpringCGLIB$$4b7eee33.CGLIB$resourceHandlerMapping$29(&lt;generated&gt;)
	at org.springframework.web.servlet.config.annotation.DelegatingWebMvcConfiguration$$EnhancerBySpringCGLIB$$4b7eee33$$FastClassBySpringCGLIB$$63e524e4.invoke(&lt;generated&gt;)
	at org.springframework.cglib.proxy.MethodProxy.invokeSuper(MethodProxy.java:228)
	at org.springframework.context.annotation.ConfigurationClassEnhancer$BeanMethodInterceptor.intercept(ConfigurationClassEnhancer.java:356)
	at org.springframework.web.servlet.config.annotation.DelegatingWebMvcConfiguration$$EnhancerBySpringCGLIB$$4b7eee33.resourceHandlerMapping(&lt;generated&gt;)
	at sun.reflect.NativeMethodAccessorImpl.invoke0(Native Method)
	at sun.reflect.NativeMethodAccessorImpl.invoke(NativeMethodAccessorImpl.java:62)
	at sun.reflect.DelegatingMethodAccessorImpl.invoke(DelegatingMethodAccessorImpl.java:43)
	at java.lang.reflect.Method.invoke(Method.java:498)
	at org.springframework.beans.factory.support.SimpleInstantiationStrategy.instantiate(SimpleInstantiationStrategy.java:162)
	... 34 more
Caused by: java.lang.IllegalStateException: WebApplicationObjectSupport instance [ResourceHttpRequestHandler [locations=[class path resource [WEB-INF/resources/]], resolvers=[org.springframework.web.servlet.resource.PathResourceResolver@363c4251]]] does not run in a WebApplicationContext but in: org.springframework.context.annotation.AnnotationConfigApplicationContext@3834d63f: startup date [Tue Feb 06 15:08:58 IST 2018]; root of context hierarchy
	at org.springframework.web.context.support.WebApplicationObjectSupport.getWebApplicationContext(WebApplicationObjectSupport.java:112)
	at org.springframework.web.context.support.WebApplicationObjectSupport.getServletContext(WebApplicationObjectSupport.java:128)
	at org.springframework.web.servlet.resource.ResourceHttpRequestHandler.initContentNegotiationStrategy(ResourceHttpRequestHandler.java:306)
	at org.springframework.web.servlet.resource.ResourceHttpRequestHandler.afterPropertiesSet(ResourceHttpRequestHandler.java:268)
	at org.springframework.web.servlet.config.annotation.ResourceHandlerRegistry.getHandlerMapping(ResourceHandlerRegistry.java:147)
	... 45 more
</error>
    <system-out>oracle database connection
</system-out>
    <system-err>Feb 06, 2018 3:08:58 PM org.springframework.context.annotation.AnnotationConfigApplicationContext prepareRefresh
INFO: Refreshing org.springframework.context.annotation.AnnotationConfigApplicationContext@3834d63f: startup date [Tue Feb 06 15:08:58 IST 2018]; root of context hierarchy
Feb 06, 2018 3:08:59 PM org.springframework.beans.factory.annotation.AutowiredAnnotationBeanPostProcessor &lt;init&gt;
INFO: JSR-330 &apos;javax.inject.Inject&apos; annotation found and supported for autowiring
Feb 06, 2018 3:08:59 PM org.springframework.jdbc.datasource.DriverManagerDataSource setDriverClassName
INFO: Loaded JDBC driver: oracle.jdbc.OracleDriver
Feb 06, 2018 3:08:59 PM org.hibernate.annotations.common.reflection.java.JavaReflectionManager &lt;clinit&gt;
INFO: HCANN000001: Hibernate Commons Annotations {4.0.5.Final}
Feb 06, 2018 3:08:59 PM org.hibernate.Version logVersion
INFO: HHH000412: Hibernate Core {4.3.6.Final}
Feb 06, 2018 3:08:59 PM org.hibernate.cfg.Environment &lt;clinit&gt;
INFO: HHH000206: hibernate.properties not found
Feb 06, 2018 3:08:59 PM org.hibernate.cfg.Environment buildBytecodeProvider
INFO: HHH000021: Bytecode provider name : javassist
Feb 06, 2018 3:09:00 PM org.hibernate.dialect.Dialect &lt;init&gt;
INFO: HHH000400: Using dialect: org.hibernate.dialect.Oracle10gDialect
Feb 06, 2018 3:09:01 PM org.hibernate.engine.transaction.internal.TransactionFactoryInitiator initiateService
INFO: HHH000399: Using default transaction strategy (direct JDBC transactions)
Feb 06, 2018 3:09:01 PM org.hibernate.hql.internal.ast.ASTQueryTranslatorFactory &lt;init&gt;
INFO: HHH000397: Using ASTQueryTranslatorFactory
Feb 06, 2018 3:09:01 PM org.hibernate.validator.internal.util.Version &lt;clinit&gt;
INFO: HV000001: Hibernate Validator 5.2.4.Final
Feb 06, 2018 3:09:01 PM org.hibernate.tool.hbm2ddl.SchemaUpdate execute
INFO: HHH000228: Running hbm2ddl schema update
Feb 06, 2018 3:09:01 PM org.hibernate.tool.hbm2ddl.SchemaUpdate execute
INFO: HHH000102: Fetching database metadata
Feb 06, 2018 3:09:01 PM org.hibernate.tool.hbm2ddl.SchemaUpdate execute
INFO: HHH000396: Updating schema
Feb 06, 2018 3:09:02 PM org.hibernate.tool.hbm2ddl.TableMetadata &lt;init&gt;
INFO: HHH000261: Table found: SYSTEM.BLOG
Feb 06, 2018 3:09:02 PM org.hibernate.tool.hbm2ddl.TableMetadata &lt;init&gt;
INFO: HHH000037: Columns: [blogname, approved, description, id, likes]
Feb 06, 2018 3:09:02 PM org.hibernate.tool.hbm2ddl.TableMetadata &lt;init&gt;
INFO: HHH000108: Foreign keys: []
Feb 06, 2018 3:09:02 PM org.hibernate.tool.hbm2ddl.TableMetadata &lt;init&gt;
INFO: HHH000126: Indexes: [sys_c007061]
Feb 06, 2018 3:09:02 PM org.hibernate.tool.hbm2ddl.TableMetadata &lt;init&gt;
INFO: HHH000261: Table found: SYSTEM.FORUM
Feb 06, 2018 3:09:02 PM org.hibernate.tool.hbm2ddl.TableMetadata &lt;init&gt;
INFO: HHH000037: Columns: [forumapproved, forumname, forumcomment, forumid]
Feb 06, 2018 3:09:02 PM org.hibernate.tool.hbm2ddl.TableMetadata &lt;init&gt;
INFO: HHH000108: Foreign keys: []
Feb 06, 2018 3:09:02 PM org.hibernate.tool.hbm2ddl.TableMetadata &lt;init&gt;
INFO: HHH000126: Indexes: [sys_c007063]
Feb 06, 2018 3:09:02 PM org.hibernate.tool.hbm2ddl.TableMetadata &lt;init&gt;
INFO: HHH000261: Table found: SYSTEM.FRIEND
Feb 06, 2018 3:09:02 PM org.hibernate.tool.hbm2ddl.TableMetadata &lt;init&gt;
INFO: HHH000037: Columns: [toid, friendid, fromid, username, status]
Feb 06, 2018 3:09:02 PM org.hibernate.tool.hbm2ddl.TableMetadata &lt;init&gt;
INFO: HHH000108: Foreign keys: []
Feb 06, 2018 3:09:02 PM org.hibernate.tool.hbm2ddl.TableMetadata &lt;init&gt;
INFO: HHH000126: Indexes: [sys_c007002]
Feb 06, 2018 3:09:02 PM org.hibernate.tool.hbm2ddl.TableMetadata &lt;init&gt;
INFO: HHH000261: Table found: SYSTEM.JOB
Feb 06, 2018 3:09:02 PM org.hibernate.tool.hbm2ddl.TableMetadata &lt;init&gt;
INFO: HHH000037: Columns: [jobid, qualification, yrsofexp, companyname, postdate, jobprofile, location, jobdesc, salary, status]
Feb 06, 2018 3:09:02 PM org.hibernate.tool.hbm2ddl.TableMetadata &lt;init&gt;
INFO: HHH000108: Foreign keys: []
Feb 06, 2018 3:09:02 PM org.hibernate.tool.hbm2ddl.TableMetadata &lt;init&gt;
INFO: HHH000126: Indexes: [sys_c007004]
Feb 06, 2018 3:09:02 PM org.hibernate.tool.hbm2ddl.TableMetadata &lt;init&gt;
INFO: HHH000261: Table found: SYSTEM.PROFILEPICTURE
Feb 06, 2018 3:09:02 PM org.hibernate.tool.hbm2ddl.TableMetadata &lt;init&gt;
INFO: HHH000037: Columns: [image, username]
Feb 06, 2018 3:09:02 PM org.hibernate.tool.hbm2ddl.TableMetadata &lt;init&gt;
INFO: HHH000108: Foreign keys: []
Feb 06, 2018 3:09:02 PM org.hibernate.tool.hbm2ddl.TableMetadata &lt;init&gt;
INFO: HHH000126: Indexes: [sys_c007019]
Feb 06, 2018 3:09:02 PM org.hibernate.tool.hbm2ddl.TableMetadata &lt;init&gt;
INFO: HHH000261: Table found: SYSTEM.USERDETAILS
Feb 06, 2018 3:09:02 PM org.hibernate.tool.hbm2ddl.TableMetadata &lt;init&gt;
INFO: HHH000037: Columns: [password, firstname, role, online_status, contact, email, username, status, lastname]
Feb 06, 2018 3:09:02 PM org.hibernate.tool.hbm2ddl.TableMetadata &lt;init&gt;
INFO: HHH000108: Foreign keys: []
Feb 06, 2018 3:09:02 PM org.hibernate.tool.hbm2ddl.TableMetadata &lt;init&gt;
INFO: HHH000126: Indexes: [sys_c007009]
Feb 06, 2018 3:09:02 PM org.hibernate.tool.hbm2ddl.SchemaUpdate execute
INFO: HHH000232: Schema update complete
Feb 06, 2018 3:09:02 PM org.springframework.orm.hibernate4.HibernateTransactionManager afterPropertiesSet
INFO: Using DataSource [org.springframework.jdbc.datasource.DriverManagerDataSource@548d708a] of Hibernate SessionFactory for HibernateTransactionManager
Feb 06, 2018 3:09:02 PM org.springframework.web.servlet.mvc.method.annotation.RequestMappingHandlerMapping register
INFO: Mapped &quot;{[/addblog],methods=[POST]}&quot; onto public org.springframework.http.ResponseEntity&lt;?&gt; com.niit.controller.BlogController.addblog(com.niit.model.Blog,javax.servlet.http.HttpSession)
Feb 06, 2018 3:09:02 PM org.springframework.web.servlet.mvc.method.annotation.RequestMappingHandlerMapping register
INFO: Mapped &quot;{[/getblog/{id}],methods=[GET]}&quot; onto public org.springframework.http.ResponseEntity&lt;?&gt; com.niit.controller.BlogController.getblog(int,javax.servlet.http.HttpSession)
Feb 06, 2018 3:09:02 PM org.springframework.web.servlet.mvc.method.annotation.RequestMappingHandlerMapping register
INFO: Mapped &quot;{[/deleteblog],methods=[POST]}&quot; onto public org.springframework.http.ResponseEntity&lt;?&gt; com.niit.controller.BlogController.deleteblog(com.niit.model.Blog,javax.servlet.http.HttpSession)
Feb 06, 2018 3:09:02 PM org.springframework.web.servlet.mvc.method.annotation.RequestMappingHandlerMapping register
INFO: Mapped &quot;{[/updateblog],methods=[POST]}&quot; onto public org.springframework.http.ResponseEntity&lt;?&gt; com.niit.controller.BlogController.updateblog(com.niit.model.Blog,javax.servlet.http.HttpSession)
Feb 06, 2018 3:09:02 PM org.springframework.web.servlet.mvc.method.annotation.RequestMappingHandlerMapping register
INFO: Mapped &quot;{[/getallblogs],methods=[GET]}&quot; onto public java.util.List&lt;com.niit.model.Blog&gt; com.niit.controller.BlogController.getallblogs()
Feb 06, 2018 3:09:02 PM org.springframework.web.servlet.mvc.method.annotation.RequestMappingHandlerMapping register
INFO: Mapped &quot;{[/approveblog/{id}],methods=[GET]}&quot; onto public org.springframework.http.ResponseEntity&lt;?&gt; com.niit.controller.BlogController.approveblog(int,javax.servlet.http.HttpSession)
Feb 06, 2018 3:09:02 PM org.springframework.web.servlet.mvc.method.annotation.RequestMappingHandlerMapping register
INFO: Mapped &quot;{[/rejectblog/{id}],methods=[GET]}&quot; onto public org.springframework.http.ResponseEntity&lt;?&gt; com.niit.controller.BlogController.rejectblog(int,javax.servlet.http.HttpSession)
Feb 06, 2018 3:09:02 PM org.springframework.web.servlet.mvc.method.annotation.RequestMappingHandlerMapping register
INFO: Mapped &quot;{[/inclikes/{id}],methods=[GET]}&quot; onto public org.springframework.http.ResponseEntity&lt;?&gt; com.niit.controller.BlogController.inclikes(int,javax.servlet.http.HttpSession)
Feb 06, 2018 3:09:02 PM org.springframework.web.servlet.mvc.method.annotation.RequestMappingHandlerMapping register
INFO: Mapped &quot;{[/getpendingrequests],methods=[GET]}&quot; onto public org.springframework.http.ResponseEntity&lt;?&gt; com.niit.controller.FriendController.getPendingRequests(javax.servlet.http.HttpSession)
Feb 06, 2018 3:09:02 PM org.springframework.web.servlet.mvc.method.annotation.RequestMappingHandlerMapping register
INFO: Mapped &quot;{[/getsuggestedusers],methods=[GET]}&quot; onto public org.springframework.http.ResponseEntity&lt;?&gt; com.niit.controller.FriendController.getListOfSuggestedUsers(javax.servlet.http.HttpSession)
Feb 06, 2018 3:09:02 PM org.springframework.web.servlet.mvc.method.annotation.RequestMappingHandlerMapping register
INFO: Mapped &quot;{[/updatependingrequest],methods=[PUT]}&quot; onto public org.springframework.http.ResponseEntity&lt;?&gt; com.niit.controller.FriendController.updatePendingRequest(com.niit.model.Friend,javax.servlet.http.HttpSession)
Feb 06, 2018 3:09:02 PM org.springframework.web.servlet.mvc.method.annotation.RequestMappingHandlerMapping register
INFO: Mapped &quot;{[/getuserdetails/{fromId}],methods=[GET]}&quot; onto public org.springframework.http.ResponseEntity&lt;?&gt; com.niit.controller.FriendController.getUserDetails(java.lang.String,javax.servlet.http.HttpSession)
Feb 06, 2018 3:09:02 PM org.springframework.web.servlet.mvc.method.annotation.RequestMappingHandlerMapping register
INFO: Mapped &quot;{[/friendslist],methods=[GET]}&quot; onto public org.springframework.http.ResponseEntity&lt;?&gt; com.niit.controller.FriendController.listOfFriends(javax.servlet.http.HttpSession)
Feb 06, 2018 3:09:02 PM org.springframework.web.servlet.mvc.method.annotation.RequestMappingHandlerMapping register
INFO: Mapped &quot;{[/friendRequest/{toId}],methods=[POST]}&quot; onto public org.springframework.http.ResponseEntity&lt;?&gt; com.niit.controller.FriendController.friendRequest(java.lang.String,javax.servlet.http.HttpSession)
Feb 06, 2018 3:09:02 PM org.springframework.web.servlet.mvc.method.annotation.RequestMappingHandlerMapping register
INFO: Mapped &quot;{[/getALlJobs],methods=[GET]}&quot; onto public java.util.List&lt;com.niit.model.Job&gt; com.niit.controller.JobController.getAllJobs()
Feb 06, 2018 3:09:02 PM org.springframework.web.servlet.mvc.method.annotation.RequestMappingHandlerMapping register
INFO: Mapped &quot;{[/addjob],methods=[POST]}&quot; onto public org.springframework.http.ResponseEntity&lt;?&gt; com.niit.controller.JobController.addjob(com.niit.model.Job,javax.servlet.http.HttpSession)
Feb 06, 2018 3:09:02 PM org.springframework.web.servlet.mvc.method.annotation.RequestMappingHandlerMapping register
INFO: Mapped &quot;{[/getJob/{jobId}],methods=[GET]}&quot; onto public org.springframework.http.ResponseEntity&lt;?&gt; com.niit.controller.JobController.getJob(int,javax.servlet.http.HttpSession)
Feb 06, 2018 3:09:02 PM org.springframework.web.servlet.mvc.method.annotation.RequestMappingHandlerMapping register
INFO: Mapped &quot;{[/doUpload],methods=[POST]}&quot; onto public org.springframework.http.ResponseEntity&lt;?&gt; com.niit.controller.ProfilePictureController.uploadProfilePic(org.springframework.web.multipart.commons.CommonsMultipartFile,javax.servlet.http.HttpSession)
Feb 06, 2018 3:09:02 PM org.springframework.web.servlet.mvc.method.annotation.RequestMappingHandlerMapping register
INFO: Mapped &quot;{[/getimage/{username}],methods=[GET]}&quot; onto public byte[] com.niit.controller.ProfilePictureController.getImage(java.lang.String,javax.servlet.http.HttpSession)
Feb 06, 2018 3:09:02 PM org.springframework.web.servlet.mvc.method.annotation.RequestMappingHandlerMapping register
INFO: Mapped &quot;{[/getAllUsers],methods=[GET]}&quot; onto public java.util.List&lt;com.niit.model.User&gt; com.niit.controller.UserController.getAllUser()
Feb 06, 2018 3:09:02 PM org.springframework.web.servlet.mvc.method.annotation.RequestMappingHandlerMapping register
INFO: Mapped &quot;{[/logout],methods=[GET]}&quot; onto public org.springframework.http.ResponseEntity&lt;?&gt; com.niit.controller.UserController.logout(javax.servlet.http.HttpSession)
Feb 06, 2018 3:09:02 PM org.springframework.web.servlet.mvc.method.annotation.RequestMappingHandlerMapping register
INFO: Mapped &quot;{[/updateUser],methods=[PUT]}&quot; onto public org.springframework.http.ResponseEntity&lt;?&gt; com.niit.controller.UserController.updateUser(com.niit.model.User)
Feb 06, 2018 3:09:02 PM org.springframework.web.servlet.mvc.method.annotation.RequestMappingHandlerMapping register
INFO: Mapped &quot;{[/login],methods=[POST]}&quot; onto public org.springframework.http.ResponseEntity&lt;?&gt; com.niit.controller.UserController.login(com.niit.model.User,javax.servlet.http.HttpSession)
Feb 06, 2018 3:09:02 PM org.springframework.web.servlet.mvc.method.annotation.RequestMappingHandlerMapping register
INFO: Mapped &quot;{[/register],methods=[POST]}&quot; onto public org.springframework.http.ResponseEntity&lt;com.niit.model.User&gt; com.niit.controller.UserController.createUser(com.niit.model.User)
Feb 06, 2018 3:09:02 PM org.springframework.context.annotation.AnnotationConfigApplicationContext refresh
WARNING: Exception encountered during context initialization - cancelling refresh attempt: org.springframework.beans.factory.BeanCreationException: Error creating bean with name &apos;resourceHandlerMapping&apos; defined in class path resource [org/springframework/web/servlet/config/annotation/DelegatingWebMvcConfiguration.class]: Bean instantiation via factory method failed; nested exception is org.springframework.beans.BeanInstantiationException: Failed to instantiate [org.springframework.web.servlet.HandlerMapping]: Factory method &apos;resourceHandlerMapping&apos; threw exception; nested exception is org.springframework.beans.factory.BeanInitializationException: Failed to init ResourceHttpRequestHandler; nested exception is java.lang.IllegalStateException: WebApplicationObjectSupport instance [ResourceHttpRequestHandler [locations=[class path resource [WEB-INF/resources/]], resolvers=[org.springframework.web.servlet.resource.PathResourceResolver@363c4251]]] does not run in a WebApplicationContext but in: org.springframework.context.annotation.AnnotationConfigApplicationContext@3834d63f: startup date [Tue Feb 06 15:08:58 IST 2018]; root of context hierarchy
</system-err>
  </testcase>
</testsuite>